<?xml version="1.0" encoding="utf-8"?><testsuites><testsuite name="pytest" errors="0" failures="0" skipped="0" tests="17" time="23.420" timestamp="2023-05-25T11:26:53.532100" hostname="engine"><testcase classname="workspace.gocart_release_0.4.1@2.gocart.commonutils.tests.test_flatten_healpix_map.test_flatten_healpix_map" name="test_flatten_healpix_map_function" time="5.049" /><testcase classname="workspace.gocart_release_0.4.1@2.gocart.commonutils.tests.test_flatten_healpix_map.test_flatten_healpix_map" name="test_flatten_healpix_map_function_exception" time="0.001" /><testcase classname="workspace.gocart_release_0.4.1@2.gocart.commonutils.tests.test_generate_skymap_stats.test_generate_skymap_stats" name="test_generate_skymap_stats_function" time="0.046" /><testcase classname="workspace.gocart_release_0.4.1@2.gocart.commonutils.tests.test_generate_skymap_stats.test_generate_skymap_stats" name="test_generate_skymap_stats_function_exception" time="0.001" /><testcase classname="workspace.gocart_release_0.4.1@2.gocart.convert.tests.test_aitoff.test_aitoff" name="test_aitoff_function" time="3.353" /><testcase classname="workspace.gocart_release_0.4.1@2.gocart.convert.tests.test_aitoff.test_aitoff" name="test_aitoff_function_exception" time="0.001" /><testcase classname="workspace.gocart_release_0.4.1@2.gocart.convert.tests.test_ascii.test_ascii" name="test_ascii_function" time="8.145" /><testcase classname="workspace.gocart_release_0.4.1@2.gocart.convert.tests.test_ascii.test_ascii" name="test_ascii_function_exception" time="0.001" /><testcase classname="workspace.gocart_release_0.4.1@2.gocart.convert.tests.test_healpix2cart.test_healpix2cart" name="test_create_wcs_and_pixels" time="0.026" /><testcase classname="workspace.gocart_release_0.4.1@2.gocart.convert.tests.test_healpix2cart.test_healpix2cart" name="test_healpix2cart_function" time="0.089" /><testcase classname="workspace.gocart_release_0.4.1@2.gocart.convert.tests.test_healpix2cart.test_healpix2cart" name="test_healpix2cart_function_exception" time="0.001" /><testcase classname="workspace.gocart_release_0.4.1@2.gocart.parsers.tests.test_lvk.test_lvk" name="test_lvk_filtering_function" time="2.173" /><testcase classname="workspace.gocart_release_0.4.1@2.gocart.parsers.tests.test_lvk.test_lvk" name="test_lvk_function" time="0.352" /><testcase classname="workspace.gocart_release_0.4.1@2.gocart.parsers.tests.test_lvk.test_lvk" name="test_lvk_function_exception" time="0.001" /><testcase classname="workspace.gocart_release_0.4.1@2.gocart.parsers.tests.test_lvk.test_lvk" name="test_lvk_plugins_function" time="0.791" /><testcase classname="workspace.gocart_release_0.4.1@2.gocart.tests.test_cl_utils.test_cl_utils" name="test_echo" time="0.083" /><testcase classname="workspace.gocart_release_0.4.1@2.gocart.tests.test_cl_utils.test_cl_utils" name="test_init" time="0.073" /></testsuite></testsuites>