<?xml version="1.0" encoding="utf-8"?><testsuites><testsuite name="pytest" errors="0" failures="0" skipped="0" tests="17" time="25.361" timestamp="2023-05-24T11:55:05.334352" hostname="engine"><testcase classname="workspace.gocart_release_0.4.0.gocart.commonutils.tests.test_flatten_healpix_map.test_flatten_healpix_map" name="test_flatten_healpix_map_function" time="6.321" /><testcase classname="workspace.gocart_release_0.4.0.gocart.commonutils.tests.test_flatten_healpix_map.test_flatten_healpix_map" name="test_flatten_healpix_map_function_exception" time="0.001" /><testcase classname="workspace.gocart_release_0.4.0.gocart.commonutils.tests.test_generate_skymap_stats.test_generate_skymap_stats" name="test_generate_skymap_stats_function" time="0.050" /><testcase classname="workspace.gocart_release_0.4.0.gocart.commonutils.tests.test_generate_skymap_stats.test_generate_skymap_stats" name="test_generate_skymap_stats_function_exception" time="0.001" /><testcase classname="workspace.gocart_release_0.4.0.gocart.convert.tests.test_aitoff.test_aitoff" name="test_aitoff_function" time="2.991" /><testcase classname="workspace.gocart_release_0.4.0.gocart.convert.tests.test_aitoff.test_aitoff" name="test_aitoff_function_exception" time="0.001" /><testcase classname="workspace.gocart_release_0.4.0.gocart.convert.tests.test_ascii.test_ascii" name="test_ascii_function" time="8.156" /><testcase classname="workspace.gocart_release_0.4.0.gocart.convert.tests.test_ascii.test_ascii" name="test_ascii_function_exception" time="0.001" /><testcase classname="workspace.gocart_release_0.4.0.gocart.convert.tests.test_healpix2cart.test_healpix2cart" name="test_create_wcs_and_pixels" time="0.028" /><testcase classname="workspace.gocart_release_0.4.0.gocart.convert.tests.test_healpix2cart.test_healpix2cart" name="test_healpix2cart_function" time="0.099" /><testcase classname="workspace.gocart_release_0.4.0.gocart.convert.tests.test_healpix2cart.test_healpix2cart" name="test_healpix2cart_function_exception" time="0.001" /><testcase classname="workspace.gocart_release_0.4.0.gocart.parsers.tests.test_lvk.test_lvk" name="test_lvk_filtering_function" time="2.398" /><testcase classname="workspace.gocart_release_0.4.0.gocart.parsers.tests.test_lvk.test_lvk" name="test_lvk_function" time="0.411" /><testcase classname="workspace.gocart_release_0.4.0.gocart.parsers.tests.test_lvk.test_lvk" name="test_lvk_function_exception" time="0.001" /><testcase classname="workspace.gocart_release_0.4.0.gocart.parsers.tests.test_lvk.test_lvk" name="test_lvk_plugins_function" time="1.123" /><testcase classname="workspace.gocart_release_0.4.0.gocart.tests.test_cl_utils.test_cl_utils" name="test_echo" time="0.090" /><testcase classname="workspace.gocart_release_0.4.0.gocart.tests.test_cl_utils.test_cl_utils" name="test_init" time="0.080" /></testsuite></testsuites>